2016/12/11 18:00:49 [trace] [system.CModule] Loading "log" application component
in /var/www/mavpay/index.php (23)
2016/12/11 18:00:49 [trace] [system.CModule] Loading "request" application component
in /var/www/mavpay/index.php (23)
2016/12/11 18:00:49 [trace] [system.CModule] Loading "urlManager" application component
in /var/www/mavpay/index.php (23)
2016/12/11 18:00:49 [trace] [system.CModule] Loading "coreMessages" application component
in /var/www/mavpay/index.php (23)
2016/12/11 18:00:49 [trace] [system.CModule] Loading "errorHandler" application component
2016/12/11 18:01:05 [trace] [system.CModule] Loading "log" application component
in /var/www/mavpay/index.php (23)
2016/12/11 18:01:05 [trace] [system.CModule] Loading "request" application component
in /var/www/mavpay/index.php (23)
2016/12/11 18:01:05 [trace] [system.CModule] Loading "urlManager" application component
in /var/www/mavpay/index.php (23)
2016/12/11 18:01:05 [trace] [system.CModule] Loading "coreMessages" application component
in /var/www/mavpay/index.php (23)
2016/12/11 18:01:05 [trace] [system.CModule] Loading "errorHandler" application component
2016/12/11 18:01:10 [trace] [system.CModule] Loading "log" application component
in /var/www/mavpay/index.php (23)
2016/12/11 18:01:10 [trace] [system.CModule] Loading "request" application component
in /var/www/mavpay/index.php (23)
2016/12/11 18:01:10 [trace] [system.CModule] Loading "urlManager" application component
in /var/www/mavpay/index.php (23)
2016/12/11 18:01:10 [trace] [system.CModule] Loading "coreMessages" application component
in /var/www/mavpay/index.php (23)
2016/12/11 18:01:10 [trace] [system.CModule] Loading "errorHandler" application component
2016/12/11 18:02:19 [trace] [system.CModule] Loading "log" application component
in /var/www/mavpay/index.php (23)
2016/12/11 18:02:19 [trace] [system.CModule] Loading "request" application component
in /var/www/mavpay/index.php (23)
2016/12/11 18:02:19 [trace] [system.CModule] Loading "urlManager" application component
in /var/www/mavpay/index.php (23)
2016/12/11 18:02:19 [trace] [system.CModule] Loading "coreMessages" application component
in /var/www/mavpay/index.php (23)
2016/12/11 18:02:19 [trace] [system.CModule] Loading "errorHandler" application component
2016/12/11 18:02:33 [trace] [system.CModule] Loading "log" application component
in /var/www/mavpay/index.php (23)
2016/12/11 18:02:33 [trace] [system.CModule] Loading "request" application component
in /var/www/mavpay/index.php (23)
2016/12/11 18:02:33 [trace] [system.CModule] Loading "urlManager" application component
in /var/www/mavpay/index.php (23)
2016/12/11 18:02:33 [trace] [system.CModule] Loading "coreMessages" application component
in /var/www/mavpay/index.php (23)
2016/12/11 18:02:33 [trace] [system.CModule] Loading "errorHandler" application component
2016/12/11 18:03:11 [trace] [system.CModule] Loading "log" application component
in /var/www/mavpay/index.php (23)
2016/12/11 18:03:11 [trace] [system.CModule] Loading "request" application component
in /var/www/mavpay/index.php (23)
2016/12/11 18:03:11 [trace] [system.CModule] Loading "urlManager" application component
in /var/www/mavpay/index.php (23)
2016/12/11 18:03:11 [trace] [system.CModule] Loading "coreMessages" application component
in /var/www/mavpay/index.php (23)
2016/12/11 18:03:11 [trace] [system.CModule] Loading "errorHandler" application component
2016/12/11 18:03:22 [trace] [system.CModule] Loading "log" application component
in /var/www/mavpay/index.php (23)
2016/12/11 18:03:22 [trace] [system.CModule] Loading "request" application component
in /var/www/mavpay/index.php (23)
2016/12/11 18:03:22 [trace] [system.CModule] Loading "urlManager" application component
in /var/www/mavpay/index.php (23)
2016/12/11 18:03:22 [trace] [system.CModule] Loading "coreMessages" application component
in /var/www/mavpay/index.php (23)
2016/12/11 18:03:22 [trace] [system.CModule] Loading "errorHandler" application component
